<?xml version="1.0" encoding="UTF-8"?>
<!-- Generated by org.testng.reporters.JUnitReportReporter -->
<testsuite hostname="SyO" failures="0" tests="12" name="User.Login.User_Login_Test" time="45.631" errors="0" timestamp="2025-02-22T08:57:32 ICT" skipped="0">
  <testcase classname="User.Login.User_Login_Test" name="testLogin" time="3.571"/>
  <testcase classname="User.Login.User_Login_Test" name="testLogin" time="3.849"/>
  <testcase classname="User.Login.User_Login_Test" name="testLogin" time="4.369"/>
  <testcase classname="User.Login.User_Login_Test" name="testLogin" time="3.515"/>
  <testcase classname="User.Login.User_Login_Test" name="testLogin" time="3.725"/>
  <testcase classname="User.Login.User_Login_Test" name="testLogin" time="3.631"/>
  <testcase classname="User.Login.User_Login_Test" name="testLogin" time="3.749"/>
  <testcase classname="User.Login.User_Login_Test" name="testLogin" time="3.989"/>
  <testcase classname="User.Login.User_Login_Test" name="testLogin" time="4.107"/>
  <testcase classname="User.Login.User_Login_Test" name="testLogin" time="3.459"/>
  <testcase classname="User.Login.User_Login_Test" name="testLogin" time="3.631"/>
  <testcase classname="User.Login.User_Login_Test" name="testLogin" time="4.036"/>
</testsuite> <!-- User.Login.User_Login_Test -->
