<?xml version="1.0" encoding="UTF-8"?>
<!-- Generated by org.testng.reporters.JUnitReportReporter -->
<testsuite hostname="SyO" failures="0" tests="12" name="User.Login.U_Login_Test" time="54.662" errors="0" timestamp="2025-02-22T08:33:58 ICT" skipped="0">
  <testcase classname="User.Login.U_Login_Test" name="testLogin" time="3.885"/>
  <testcase classname="User.Login.U_Login_Test" name="testLogin" time="5.047"/>
  <testcase classname="User.Login.U_Login_Test" name="testLogin" time="4.571"/>
  <testcase classname="User.Login.U_Login_Test" name="testLogin" time="4.320"/>
  <testcase classname="User.Login.U_Login_Test" name="testLogin" time="4.574"/>
  <testcase classname="User.Login.U_Login_Test" name="testLogin" time="4.672"/>
  <testcase classname="User.Login.U_Login_Test" name="testLogin" time="4.800"/>
  <testcase classname="User.Login.U_Login_Test" name="testLogin" time="4.186"/>
  <testcase classname="User.Login.U_Login_Test" name="testLogin" time="3.825"/>
  <testcase classname="User.Login.U_Login_Test" name="testLogin" time="3.986"/>
  <testcase classname="User.Login.U_Login_Test" name="testLogin" time="4.797"/>
  <testcase classname="User.Login.U_Login_Test" name="testLogin" time="5.999"/>
</testsuite> <!-- User.Login.U_Login_Test -->
