<?xml version="1.0" encoding="UTF-8"?>
<!-- Generated by org.testng.reporters.JUnitReportReporter -->
<testsuite hostname="SyO" failures="0" tests="1" name="User.Register.User_Register_Test" time="27.205" errors="0" timestamp="2025-02-22T10:15:07 ICT" skipped="0">
  <testcase classname="User.Register.User_Register_Test" name="registerTest" time="27.205"/>
</testsuite> <!-- User.Register.User_Register_Test -->
